0 info it worked if it ends with ok
1 verbose cli [ '/Users/RH0235/.nodebrew/node/v5.11.1/bin/node',
1 verbose cli   '/Users/RH0235/.nodebrew/current/bin/npm',
1 verbose cli   'install',
1 verbose cli   'app.json',
1 verbose cli   '--global' ]
2 info using npm@3.8.6
3 info using node@v5.11.1
4 silly loadCurrentTree Starting
5 silly install loadCurrentTree
6 silly install readGlobalPackageData
7 silly fetchPackageMetaData app.json
8 silly fetchOtherPackageData app.json
9 silly cache add args [ 'app.json', null ]
10 verbose cache add spec app.json
11 silly cache add parsed spec Result {
11 silly cache add   raw: 'app.json',
11 silly cache add   scope: null,
11 silly cache add   name: null,
11 silly cache add   rawSpec: 'app.json',
11 silly cache add   spec: '/Users/RH0235/java/schfeslogsvr/app.json',
11 silly cache add   type: 'local' }
12 silly addLocalTarball shasum (computed) b24c657603a67f46451ca437efb8079072b08d1b
13 verbose addTmpTarball /Users/RH0235/java/schfeslogsvr/app.json not in flight; adding
14 verbose correctMkdir /Users/RH0235/.npm correctMkdir not in flight; initializing
15 verbose addTmpTarball validating metadata from /Users/RH0235/java/schfeslogsvr/app.json
16 verbose tar unpack /Users/RH0235/java/schfeslogsvr/app.json
17 verbose tar unpacking to /tmp/npm-13976-fe1734d0/unpack-e61ec3bf
18 silly gentlyRm /tmp/npm-13976-fe1734d0/unpack-e61ec3bf is being purged
19 verbose gentlyRm don't care about contents; nuking /tmp/npm-13976-fe1734d0/unpack-e61ec3bf
20 silly gunzTarPerm modes [ '755', '644' ]
21 error not a package /Users/RH0235/java/schfeslogsvr/app.json
22 error addLocal Could not install /Users/RH0235/java/schfeslogsvr/app.json
23 silly fetchPackageMetaData Error: ENOENT: no such file or directory, open '/tmp/npm-13976-fe1734d0/unpack-e61ec3bf/package.json'
23 silly fetchPackageMetaData     at Error (native)
23 silly fetchPackageMetaData  error for app.json { [Error: ENOENT: no such file or directory, open '/tmp/npm-13976-fe1734d0/unpack-e61ec3bf/package.json']
23 silly fetchPackageMetaData   errno: -2,
23 silly fetchPackageMetaData   code: 'ENOENT',
23 silly fetchPackageMetaData   syscall: 'open',
23 silly fetchPackageMetaData   path: '/tmp/npm-13976-fe1734d0/unpack-e61ec3bf/package.json' }
24 silly rollbackFailedOptional Starting
25 silly rollbackFailedOptional Finishing
26 silly runTopLevelLifecycles Starting
27 silly runTopLevelLifecycles Finishing
28 silly install printInstalled
29 verbose stack Error: ENOENT: no such file or directory, open '/tmp/npm-13976-fe1734d0/unpack-e61ec3bf/package.json'
29 verbose stack     at Error (native)
30 verbose cwd /Users/RH0235/java/schfeslogsvr
31 error Darwin 15.6.0
32 error argv "/Users/RH0235/.nodebrew/node/v5.11.1/bin/node" "/Users/RH0235/.nodebrew/current/bin/npm" "install" "app.json" "--global"
33 error node v5.11.1
34 error npm  v3.8.6
35 error path /tmp/npm-13976-fe1734d0/unpack-e61ec3bf/package.json
36 error code ENOENT
37 error errno -2
38 error syscall open
39 error enoent ENOENT: no such file or directory, open '/tmp/npm-13976-fe1734d0/unpack-e61ec3bf/package.json'
40 error enoent ENOENT: no such file or directory, open '/tmp/npm-13976-fe1734d0/unpack-e61ec3bf/package.json'
40 error enoent This is most likely not a problem with npm itself
40 error enoent and is related to npm not being able to find a file.
41 verbose exit [ -2, true ]
